<?xml version="1.0" encoding="UTF-8"?>
<!-- Generated by org.testng.reporters.JUnitXMLReporter -->
<testsuite ignored="0" hostname="USE2DEVP01047" failures="0" tests="2" name="errroValidation" time="38.639" errors="0" timestamp="2024-02-12T14:55:03 IST">
  <testcase classname="RahulSheetyAcademy.MavenProjectUdemy.errroValidationTest" name="loginErrorValidation" time="3.07"/>
  <testcase classname="RahulSheetyAcademy.MavenProjectUdemy.errroValidationTest" name="productErrorValidation" time="20.372"/>
</testsuite> <!-- errroValidation -->
